Using pre-set license
Built from '2020.2/staging' branch; Version is '2020.2.7f1 (c53830e277f1) revision 12924976'; Using compiler version '192528614'; Build Type 'Release'
OS: 'Windows 10 Enterprise; OS build 19044.1288; Version 2009; 64bit' Language: 'ru' Physical Memory: 8134 MB
BatchMode: 1, IsHumanControllingUs: 0, StartBugReporterOnCrash: 0, Is64bit: 1, IsPro: 0

 COMMAND LINE ARGUMENTS:
A:\GameDev Program\Unity\Editor\Unity.exe
-adb2
-batchMode
-noUpm
-name
AssetImportWorker0
-projectPath
A:/GameDev/Майнер/Сам майнер/SpaceMiner
-logFile
Logs/AssetImportWorker0.log
-srvPort
52704
Successfully changed project path to: A:/GameDev/Майнер/Сам майнер/SpaceMiner
A:/GameDev/Майнер/Сам майнер/SpaceMiner
Using Asset Import Pipeline V2.
Refreshing native plugins compatible for Editor in 55.67 ms, found 1 plugins.
Preloading 0 native plugins for Editor in 0.00 ms.
Initialize engine version: 2020.2.7f1 (c53830e277f1)
[Subsystems] Discovering subsystems at path A:/GameDev Program/Unity/Editor/Data/Resources/UnitySubsystems
[Subsystems] Discovering subsystems at path A:/GameDev/Майнер/Сам майнер/SpaceMiner/Assets
GfxDevice: creating device client; threaded=0
Direct3D:
    Version:  Direct3D 11.0 [level 11.0]
    Renderer: AMD Radeon HD 5570 (ID=0x68d9)
    Vendor:   
    VRAM:     1010 MB
    Driver:   15.201.1151.1008
Initialize mono
Mono path[0] = 'A:/GameDev Program/Unity/Editor/Data/Managed'
Mono path[1] = 'A:/GameDev Program/Unity/Editor/Data/MonoBleedingEdge/lib/mono/unityjit'
Mono config path = 'A:/GameDev Program/Unity/Editor/Data/MonoBleedingEdge/etc'
Using monoOptions --debugger-agent=transport=dt_socket,embedding=1,server=y,suspend=n,address=127.0.0.1:56820
Begin MonoManager ReloadAssembly
Registering precompiled unity dll's ...
Register platform support module: A:/GameDev Program/Unity/Editor/Data/PlaybackEngines/WindowsStandaloneSupport/UnityEditor.WindowsStandalone.Extensions.dll
Registered in 0.001556 seconds.
Native extension for WindowsStandalone target not found
Refreshing native plugins compatible for Editor in 57.90 ms, found 1 plugins.
Preloading 0 native plugins for Editor in 0.00 ms.
Invoked RoslynAnalysisRunner static constructor.
RoslynAnalysisRunner will not be running.
RoslynAnalysisRunner has terminated.
Mono: successfully reloaded assembly
- Completed reload, in  1.246 seconds
Platform modules already initialized, skipping
Registering precompiled user dll's ...
Registered in 0.001102 seconds.
Begin MonoManager ReloadAssembly
Native extension for WindowsStandalone target not found
Refreshing native plugins compatible for Editor in 54.32 ms, found 1 plugins.
Preloading 0 native plugins for Editor in 0.00 ms.
Invoked RoslynAnalysisRunner static constructor.
RoslynAnalysisRunner will not be running.
RoslynAnalysisRunner has terminated.
Mono: successfully reloaded assembly
- Completed reload, in  1.241 seconds
Platform modules already initialized, skipping
========================================================================
Worker process is ready to serve import requests
Launched and connected shader compiler UnityShaderCompiler.exe after 0.07 seconds
Refreshing native plugins compatible for Editor in 0.62 ms, found 1 plugins.
Preloading 0 native plugins for Editor in 0.00 ms.
Unloading 1906 Unused Serialized files (Serialized files now loaded: 0)
System memory in use before: 87.2 MB.
System memory in use after: 87.3 MB.

Unloading 32 unused Assets to reduce memory usage. Loaded Objects now: 2340.
Total: 3.155500 ms (FindLiveObjects: 0.315100 ms CreateObjectMapping: 0.245100 ms MarkObjects: 2.503500 ms  DeleteObjects: 0.089900 ms)

========================================================================
Received Import Request.
  path: Assets/Materials/UI
  artifactKey: Guid(8b3c2db0aa38a4f47886dc26f84753d7) Importer(815301076,1909f56bfc062723c751e8b465ee728b)
Start importing Assets/Materials/UI using Guid(8b3c2db0aa38a4f47886dc26f84753d7) Importer(815301076,1909f56bfc062723c751e8b465ee728b)  -> (artifact id: 'b741232911d545f2633138a1ab9f53d3') in 0.011419 seconds
  Import took 0.015747 seconds .

========================================================================
Received Import Request.
  Time since last request: 61.643715 seconds.
  path: Assets/Scripts
  artifactKey: Guid(96ee45094d3f57b4b86f71744f985d0a) Importer(815301076,1909f56bfc062723c751e8b465ee728b)
Start importing Assets/Scripts using Guid(96ee45094d3f57b4b86f71744f985d0a) Importer(815301076,1909f56bfc062723c751e8b465ee728b)  -> (artifact id: '3fef62a5bd9895d364c6c88e715c699e') in 0.014703 seconds
  Import took 0.018872 seconds .

========================================================================
Received Import Request.
  Time since last request: 0.969390 seconds.
  path: Assets/Scripts/Player.cs
  artifactKey: Guid(391894d7d78a3424c8e2ed8be30456b8) Importer(815301076,1909f56bfc062723c751e8b465ee728b)
Start importing Assets/Scripts/Player.cs using Guid(391894d7d78a3424c8e2ed8be30456b8) Importer(815301076,1909f56bfc062723c751e8b465ee728b)  -> (artifact id: 'c066e76f71e971750eae022456dcef45') in 0.070032 seconds
  Import took 0.074549 seconds .

AssetImportWorkerClient::OnTransportError - code=2 error=End of file
